{"name": "Checking to remove a person from the table", "status": "broken", "statusDetails": {"message": "selenium.common.exceptions.TimeoutException: Message: \nStacktrace:\nBacktrace:\n\tGetHandleVerifier [0x010B8893+48451]\n\t(No symbol) [0x0104B8A1]\n\t(No symbol) [0x00F55058]\n\t(No symbol) [0x00F80467]\n\t(No symbol) [0x00F8069B]\n\t(No symbol) [0x00FADD92]\n\t(No symbol) [0x00F9A304]\n\t(No symbol) [0x00FAC482]\n\t(No symbol) [0x00F9A0B6]\n\t(No symbol) [0x00F77E08]\n\t(No symbol) [0x00F78F2D]\n\tGetHandleVerifier [0x01318E3A+2540266]\n\tGetHandleVerifier [0x01358959+2801161]\n\tGetHandleVerifier [0x0135295C+2776588]\n\tGetHandleVerifier [0x01142280+612144]\n\t(No symbol) [0x01054F6C]\n\t(No symbol) [0x010511D8]\n\t(No symbol) [0x010512BB]\n\t(No symbol) [0x01044857]\n\tBaseThreadInitThunk [0x766E00C9+25]\n\tRtlGetAppContainerNamedObjectPath [0x77087B4E+286]\n\tRtlGetAppContainerNamedObjectPath [0x77087B1E+238]", "trace": "self = <elements_test.TestElements.TestWebTable object at 0x000001B3FEB0F4C0>, driver = <selenium.webdriver.chrome.webdriver.WebDriver (session=\"edb9b6324e901122ddc598c3ba3c9ee7\")>\n\n    @allure.title('Checking to remove a person from the table')\n    def test_web_table_delete_person(self, driver):\n        web_table_page = WebTablePage(driver, 'https://demoqa.com/webtables')\n        web_table_page.open()\n        email = web_table_page.add_new_person()[3]\n        web_table_page.search_some_person(email)\n        web_table_page.delete_person()\n>       text = web_table_page.check_deleted()\n\ntests\\elements_test.py:100: \n_ _ _ _ _ _ _ _ _ _ _ _ _ _ _ _ _ _ _ _ _ _ _ _ _ _ _ _ _ _ _ _ _ _ _ _ _ _ _ _ _ _ _ _ _ _ _ _ _ _ _ _ _ _ _ _ _ _ _ _ _ _ _ _ _ _ _ _ _ _ _ _ _ _ _ _ _ _ _ _ _ _ _ _ _ _ _ _ _ _ _ _ _ _ _ _ _ _ _ _ _ _ _\npages\\elements_page.py:144: in check_deleted\n    return self.element_is_present(self.locators.NO_ROWS_FOUND).text\npages\\base_page.py:21: in element_is_present\n    return wait(self.driver, timeout).until(EC.presence_of_element_located(locator))\n_ _ _ _ _ _ _ _ _ _ _ _ _ _ _ _ _ _ _ _ _ _ _ _ _ _ _ _ _ _ _ _ _ _ _ _ _ _ _ _ _ _ _ _ _ _ _ _ _ _ _ _ _ _ _ _ _ _ _ _ _ _ _ _ _ _ _ _ _ _ _ _ _ _ _ _ _ _ _ _ _ _ _ _ _ _ _ _ _ _ _ _ _ _ _ _ _ _ _ _ _ _ _\n\nself = <selenium.webdriver.support.wait.WebDriverWait (session=\"edb9b6324e901122ddc598c3ba3c9ee7\")>, method = <function presence_of_element_located.<locals>._predicate at 0x000001B38003E680>, message = ''\n\n    def until(self, method, message: str = \"\"):\n        \"\"\"Calls the method provided with the driver as an argument until the \\\n        return value does not evaluate to ``False``.\n    \n        :param method: callable(WebDriver)\n        :param message: optional message for :exc:`TimeoutException`\n        :returns: the result of the last call to `method`\n        :raises: :exc:`selenium.common.exceptions.TimeoutException` if timeout occurs\n        \"\"\"\n        screen = None\n        stacktrace = None\n    \n        end_time = time.monotonic() + self._timeout\n        while True:\n            try:\n                value = method(self._driver)\n                if value:\n                    return value\n            except self._ignored_exceptions as exc:\n                screen = getattr(exc, \"screen\", None)\n                stacktrace = getattr(exc, \"stacktrace\", None)\n            time.sleep(self._poll)\n            if time.monotonic() > end_time:\n                break\n>       raise TimeoutException(message, screen, stacktrace)\nE       selenium.common.exceptions.TimeoutException: Message: \nE       Stacktrace:\nE       Backtrace:\nE       \tGetHandleVerifier [0x010B8893+48451]\nE       \t(No symbol) [0x0104B8A1]\nE       \t(No symbol) [0x00F55058]\nE       \t(No symbol) [0x00F80467]\nE       \t(No symbol) [0x00F8069B]\nE       \t(No symbol) [0x00FADD92]\nE       \t(No symbol) [0x00F9A304]\nE       \t(No symbol) [0x00FAC482]\nE       \t(No symbol) [0x00F9A0B6]\nE       \t(No symbol) [0x00F77E08]\nE       \t(No symbol) [0x00F78F2D]\nE       \tGetHandleVerifier [0x01318E3A+2540266]\nE       \tGetHandleVerifier [0x01358959+2801161]\nE       \tGetHandleVerifier [0x0135295C+2776588]\nE       \tGetHandleVerifier [0x01142280+612144]\nE       \t(No symbol) [0x01054F6C]\nE       \t(No symbol) [0x010511D8]\nE       \t(No symbol) [0x010512BB]\nE       \t(No symbol) [0x01044857]\nE       \tBaseThreadInitThunk [0x766E00C9+25]\nE       \tRtlGetAppContainerNamedObjectPath [0x77087B4E+286]\nE       \tRtlGetAppContainerNamedObjectPath [0x77087B1E+238]\n\nvenv\\lib\\site-packages\\selenium\\webdriver\\support\\wait.py:95: TimeoutException"}, "start": 1685729023674, "stop": 1685729045752, "uuid": "4c9af239-88ee-495b-b026-dbdda4d2425f", "historyId": "568d4f635ab70da97cecd101ed6c6a72", "testCaseId": "568d4f635ab70da97cecd101ed6c6a72", "fullName": "tests.elements_test.TestWebTable#test_web_table_delete_person", "labels": [{"name": "suite", "value": "Elements"}, {"name": "feature", "value": "WebTable"}, {"name": "parentSuite", "value": "tests"}, {"name": "subSuite", "value": "TestElements"}, {"name": "host", "value": "LAPTOP-OHPH4I30"}, {"name": "thread", "value": "26832-MainThread"}, {"name": "framework", "value": "pytest"}, {"name": "language", "value": "cpython3"}, {"name": "package", "value": "tests.elements_test"}]}