{"name": "Check RadioButton", "status": "failed", "statusDetails": {"message": "AssertionError: 'No' have not been selected\nassert 'Impressive' == 'No'\n  - No\n  + Impressive", "trace": "self = <elements_test.TestElements.TestRadioButton object at 0x000001B3FEB0F070>, driver = <selenium.webdriver.chrome.webdriver.WebDriver (session=\"b2360577aefb8b12767638c8523478a9\")>\n\n    @allure.title(\"Check RadioButton\")\n    def test_radio_button(self, driver):\n        radio_button_page = RadioButtonPage(driver, 'https://demoqa.com/radio-button')\n        radio_button_page.open()\n        radio_button_page.click_on_the_radio_button('yes')\n        output_yes = radio_button_page.get_output_result()\n        radio_button_page.click_on_the_radio_button('impressive')\n        output_impressive = radio_button_page.get_output_result()\n        radio_button_page.click_on_the_radio_button('no')\n        output_no = radio_button_page.get_output_result()\n        assert output_yes == 'Yes', \"'Yes' have not been selected\"\n        assert output_impressive == 'Impressive', \"'Impressive ' have not been selected\"\n>       assert output_no == 'No', \"'No' have not been selected\"\nE       AssertionError: 'No' have not been selected\nE       assert 'Impressive' == 'No'\nE         - No\nE         + Impressive\n\ntests\\elements_test.py:55: AssertionError"}, "start": 1685728952819, "stop": 1685728972646, "uuid": "30d18173-bfff-4b8a-aecd-bcafa25a75f1", "historyId": "eebfee4ebcd68f4b545d67ab166047da", "testCaseId": "eebfee4ebcd68f4b545d67ab166047da", "fullName": "tests.elements_test.TestRadioButton#test_radio_button", "labels": [{"name": "feature", "value": "RadioButton"}, {"name": "suite", "value": "Elements"}, {"name": "parentSuite", "value": "tests"}, {"name": "subSuite", "value": "TestElements"}, {"name": "host", "value": "LAPTOP-OHPH4I30"}, {"name": "thread", "value": "26832-MainThread"}, {"name": "framework", "value": "pytest"}, {"name": "language", "value": "cpython3"}, {"name": "package", "value": "tests.elements_test"}]}